[36mRun completed in 208 milliseconds.[0m
[36mTotal number of tests run: 0[0m
[36mSuites: completed 0, aborted 0[0m
[36mTests: succeeded 0, failed 0, canceled 0, ignored 0, pending 0[0m
[33mNo tests were executed.[0m
[36mRun completed in 163 milliseconds.[0m
[36mTotal number of tests run: 0[0m
[36mSuites: completed 0, aborted 0[0m
[36mTests: succeeded 0, failed 0, canceled 0, ignored 0, pending 0[0m
[33mNo tests were executed.[0m
[36mRun completed in 176 milliseconds.[0m
[36mTotal number of tests run: 0[0m
[36mSuites: completed 0, aborted 0[0m
[36mTests: succeeded 0, failed 0, canceled 0, ignored 0, pending 0[0m
[33mNo tests were executed.[0m
[36mRun completed in 155 milliseconds.[0m
[36mTotal number of tests run: 0[0m
[36mSuites: completed 0, aborted 0[0m
[36mTests: succeeded 0, failed 0, canceled 0, ignored 0, pending 0[0m
[33mNo tests were executed.[0m
[36mRun completed in 234 milliseconds.[0m
[36mTotal number of tests run: 0[0m
[36mSuites: completed 0, aborted 0[0m
[36mTests: succeeded 0, failed 0, canceled 0, ignored 0, pending 0[0m
[33mNo tests were executed.[0m
[36mRun completed in 201 milliseconds.[0m
[36mTotal number of tests run: 0[0m
[36mSuites: completed 0, aborted 0[0m
[36mTests: succeeded 0, failed 0, canceled 0, ignored 0, pending 0[0m
[33mNo tests were executed.[0m
[36mRun completed in 147 milliseconds.[0m
[36mTotal number of tests run: 0[0m
[36mSuites: completed 0, aborted 0[0m
[36mTests: succeeded 0, failed 0, canceled 0, ignored 0, pending 0[0m
[33mNo tests were executed.[0m
[32mSemanticErrArrayTests:[0m
[32msemanticErr - array tests: arrayIndexComplexNotInt.wacc[0m
cat: ../test/wacc/invalid/semanticErr/array/arrayIndexComplexNotInt.wacc: No such file or directory
[31m- should return exit code 200 *** FAILED ***[0m
[31m  java.lang.RuntimeException: Nonzero exit value: 1[0m
[31m  at scala.sys.process.ProcessBuilderImpl$AbstractBuilder.slurp(ProcessBuilderImpl.scala:164)[0m
[31m  at scala.sys.process.ProcessBuilderImpl$AbstractBuilder.$bang$bang(ProcessBuilderImpl.scala:121)[0m
[31m  at wacc.Main$.compile(Main.scala:36)[0m
[31m  at frontend.integration.semantic.SemanticErrArrayTests.$anonfun$new$1(semanticErrArrayTests.scala:16)[0m
[31m  at org.scalatest.OutcomeOf.outcomeOf(OutcomeOf.scala:85)[0m
[31m  at org.scalatest.OutcomeOf.outcomeOf$(OutcomeOf.scala:83)[0m
[31m  at org.scalatest.OutcomeOf$.outcomeOf(OutcomeOf.scala:104)[0m
[31m  at org.scalatest.Transformer.apply(Transformer.scala:22)[0m
[31m  at org.scalatest.Transformer.apply(Transformer.scala:20)[0m
[31m  at org.scalatest.flatspec.AnyFlatSpecLike$$anon$5.apply(AnyFlatSpecLike.scala:1832)[0m
[31m  ...[0m
[32msemanticErr - array tests: arrayIndexNotInt.wacc[0m
cat: ../test/wacc/invalid/semanticErr/array/arrayIndexNotInt.wacc: No such file or directory
[31m- should return exit code 200 *** FAILED ***[0m
[31m  java.lang.RuntimeException: Nonzero exit value: 1[0m
[31m  at scala.sys.process.ProcessBuilderImpl$AbstractBuilder.slurp(ProcessBuilderImpl.scala:164)[0m
[31m  at scala.sys.process.ProcessBuilderImpl$AbstractBuilder.$bang$bang(ProcessBuilderImpl.scala:121)[0m
[31m  at wacc.Main$.compile(Main.scala:36)[0m
[31m  at frontend.integration.semantic.SemanticErrArrayTests.$anonfun$new$2(semanticErrArrayTests.scala:31)[0m
[31m  at org.scalatest.OutcomeOf.outcomeOf(OutcomeOf.scala:85)[0m
[31m  at org.scalatest.OutcomeOf.outcomeOf$(OutcomeOf.scala:83)[0m
[31m  at org.scalatest.OutcomeOf$.outcomeOf(OutcomeOf.scala:104)[0m
[31m  at org.scalatest.Transformer.apply(Transformer.scala:22)[0m
[31m  at org.scalatest.Transformer.apply(Transformer.scala:20)[0m
[31m  at org.scalatest.flatspec.AnyFlatSpecLike$$anon$5.apply(AnyFlatSpecLike.scala:1832)[0m
[31m  ...[0m
[32msemanticErr - array tests: arrayMultipleIndexError.wacc[0m
cat: ../test/wacc/invalid/semanticErr/array/arrayMultipleIndexError.wacc: No such file or directory
[31m- should return exit code 200 *** FAILED ***[0m
[31m  java.lang.RuntimeException: Nonzero exit value: 1[0m
[31m  at scala.sys.process.ProcessBuilderImpl$AbstractBuilder.slurp(ProcessBuilderImpl.scala:164)[0m
[31m  at scala.sys.process.ProcessBuilderImpl$AbstractBuilder.$bang$bang(ProcessBuilderImpl.scala:121)[0m
[31m  at wacc.Main$.compile(Main.scala:36)[0m
[31m  at frontend.integration.semantic.SemanticErrArrayTests.$anonfun$new$3(semanticErrArrayTests.scala:46)[0m
[31m  at org.scalatest.OutcomeOf.outcomeOf(OutcomeOf.scala:85)[0m
[31m  at org.scalatest.OutcomeOf.outcomeOf$(OutcomeOf.scala:83)[0m
[31m  at org.scalatest.OutcomeOf$.outcomeOf(OutcomeOf.scala:104)[0m
[31m  at org.scalatest.Transformer.apply(Transformer.scala:22)[0m
[31m  at org.scalatest.Transformer.apply(Transformer.scala:20)[0m
[31m  at org.scalatest.flatspec.AnyFlatSpecLike$$anon$5.apply(AnyFlatSpecLike.scala:1832)[0m
[31m  ...[0m
[32msemanticErr - array tests: badIndex.wacc[0m
cat: ../test/wacc/invalid/semanticErr/array/badIndex.wacc: No such file or directory
[31m- should return exit code 200 *** FAILED ***[0m
[31m  java.lang.RuntimeException: Nonzero exit value: 1[0m
[31m  at scala.sys.process.ProcessBuilderImpl$AbstractBuilder.slurp(ProcessBuilderImpl.scala:164)[0m
[31m  at scala.sys.process.ProcessBuilderImpl$AbstractBuilder.$bang$bang(ProcessBuilderImpl.scala:121)[0m
[31m  at wacc.Main$.compile(Main.scala:36)[0m
[31m  at frontend.integration.semantic.SemanticErrArrayTests.$anonfun$new$4(semanticErrArrayTests.scala:61)[0m
[31m  at org.scalatest.OutcomeOf.outcomeOf(OutcomeOf.scala:85)[0m
[31m  at org.scalatest.OutcomeOf.outcomeOf$(OutcomeOf.scala:83)[0m
[31m  at org.scalatest.OutcomeOf$.outcomeOf(OutcomeOf.scala:104)[0m
[31m  at org.scalatest.Transformer.apply(Transformer.scala:22)[0m
[31m  at org.scalatest.Transformer.apply(Transformer.scala:20)[0m
[31m  at org.scalatest.flatspec.AnyFlatSpecLike$$anon$5.apply(AnyFlatSpecLike.scala:1832)[0m
[31m  ...[0m
[32msemanticErr - array tests: indexUndefIdent.wacc[0m
cat: ../test/wacc/invalid/semanticErr/array/indexUndefIdent.wacc: No such file or directory
[31m- should return exit code 200 *** FAILED ***[0m
[31m  java.lang.RuntimeException: Nonzero exit value: 1[0m
[31m  at scala.sys.process.ProcessBuilderImpl$AbstractBuilder.slurp(ProcessBuilderImpl.scala:164)[0m
[31m  at scala.sys.process.ProcessBuilderImpl$AbstractBuilder.$bang$bang(ProcessBuilderImpl.scala:121)[0m
[31m  at wacc.Main$.compile(Main.scala:36)[0m
[31m  at frontend.integration.semantic.SemanticErrArrayTests.$anonfun$new$5(semanticErrArrayTests.scala:76)[0m
[31m  at org.scalatest.OutcomeOf.outcomeOf(OutcomeOf.scala:85)[0m
[31m  at org.scalatest.OutcomeOf.outcomeOf$(OutcomeOf.scala:83)[0m
[31m  at org.scalatest.OutcomeOf$.outcomeOf(OutcomeOf.scala:104)[0m
[31m  at org.scalatest.Transformer.apply(Transformer.scala:22)[0m
[31m  at org.scalatest.Transformer.apply(Transformer.scala:20)[0m
[31m  at org.scalatest.flatspec.AnyFlatSpecLike$$anon$5.apply(AnyFlatSpecLike.scala:1832)[0m
[31m  ...[0m
[32msemanticErr - array tests: mixingTypesInArrays.wacc[0m
cat: ../test/wacc/invalid/semanticErr/array/mixingTypesInArrays.wacc: No such file or directory
[31m- should return exit code 200 *** FAILED ***[0m
[31m  java.lang.RuntimeException: Nonzero exit value: 1[0m
[31m  at scala.sys.process.ProcessBuilderImpl$AbstractBuilder.slurp(ProcessBuilderImpl.scala:164)[0m
[31m  at scala.sys.process.ProcessBuilderImpl$AbstractBuilder.$bang$bang(ProcessBuilderImpl.scala:121)[0m
[31m  at wacc.Main$.compile(Main.scala:36)[0m
[31m  at frontend.integration.semantic.SemanticErrArrayTests.$anonfun$new$6(semanticErrArrayTests.scala:91)[0m
[31m  at org.scalatest.OutcomeOf.outcomeOf(OutcomeOf.scala:85)[0m
[31m  at org.scalatest.OutcomeOf.outcomeOf$(OutcomeOf.scala:83)[0m
[31m  at org.scalatest.OutcomeOf$.outcomeOf(OutcomeOf.scala:104)[0m
[31m  at org.scalatest.Transformer.apply(Transformer.scala:22)[0m
[31m  at org.scalatest.Transformer.apply(Transformer.scala:20)[0m
[31m  at org.scalatest.flatspec.AnyFlatSpecLike$$anon$5.apply(AnyFlatSpecLike.scala:1832)[0m
[31m  ...[0m
[32msemanticErr - array tests: noArrayCovariance.wacc[0m
cat: ../test/wacc/invalid/semanticErr/array/noArrayCovariance.wacc: No such file or directory
[31m- should return exit code 200 *** FAILED ***[0m
[31m  java.lang.RuntimeException: Nonzero exit value: 1[0m
[31m  at scala.sys.process.ProcessBuilderImpl$AbstractBuilder.slurp(ProcessBuilderImpl.scala:164)[0m
[31m  at scala.sys.process.ProcessBuilderImpl$AbstractBuilder.$bang$bang(ProcessBuilderImpl.scala:121)[0m
[31m  at wacc.Main$.compile(Main.scala:36)[0m
[31m  at frontend.integration.semantic.SemanticErrArrayTests.$anonfun$new$7(semanticErrArrayTests.scala:106)[0m
[31m  at org.scalatest.OutcomeOf.outcomeOf(OutcomeOf.scala:85)[0m
[31m  at org.scalatest.OutcomeOf.outcomeOf$(OutcomeOf.scala:83)[0m
[31m  at org.scalatest.OutcomeOf$.outcomeOf(OutcomeOf.scala:104)[0m
[31m  at org.scalatest.Transformer.apply(Transformer.scala:22)[0m
[31m  at org.scalatest.Transformer.apply(Transformer.scala:20)[0m
[31m  at org.scalatest.flatspec.AnyFlatSpecLike$$anon$5.apply(AnyFlatSpecLike.scala:1832)[0m
[31m  ...[0m
[32msemanticErr - array tests: noStringIndex.wacc[0m
cat: ../test/wacc/invalid/semanticErr/array/noStringIndex.wacc: No such file or directory
[31m- should return exit code 200 *** FAILED ***[0m
[31m  java.lang.RuntimeException: Nonzero exit value: 1[0m
[31m  at scala.sys.process.ProcessBuilderImpl$AbstractBuilder.slurp(ProcessBuilderImpl.scala:164)[0m
[31m  at scala.sys.process.ProcessBuilderImpl$AbstractBuilder.$bang$bang(ProcessBuilderImpl.scala:121)[0m
[31m  at wacc.Main$.compile(Main.scala:36)[0m
[31m  at frontend.integration.semantic.SemanticErrArrayTests.$anonfun$new$8(semanticErrArrayTests.scala:121)[0m
[31m  at org.scalatest.OutcomeOf.outcomeOf(OutcomeOf.scala:85)[0m
[31m  at org.scalatest.OutcomeOf.outcomeOf$(OutcomeOf.scala:83)[0m
[31m  at org.scalatest.OutcomeOf$.outcomeOf(OutcomeOf.scala:104)[0m
[31m  at org.scalatest.Transformer.apply(Transformer.scala:22)[0m
[31m  at org.scalatest.Transformer.apply(Transformer.scala:20)[0m
[31m  at org.scalatest.flatspec.AnyFlatSpecLike$$anon$5.apply(AnyFlatSpecLike.scala:1832)[0m
[31m  ...[0m
[32msemanticErr - array tests: nonMatchingArrays.wacc[0m
cat: ../test/wacc/invalid/semanticErr/array/nonMatchingArrays.wacc: No such file or directory
[31m- should return exit code 200 *** FAILED ***[0m
[31m  java.lang.RuntimeException: Nonzero exit value: 1[0m
[31m  at scala.sys.process.ProcessBuilderImpl$AbstractBuilder.slurp(ProcessBuilderImpl.scala:164)[0m
[31m  at scala.sys.process.ProcessBuilderImpl$AbstractBuilder.$bang$bang(ProcessBuilderImpl.scala:121)[0m
[31m  at wacc.Main$.compile(Main.scala:36)[0m
[31m  at frontend.integration.semantic.SemanticErrArrayTests.$anonfun$new$9(semanticErrArrayTests.scala:136)[0m
[31m  at org.scalatest.OutcomeOf.outcomeOf(OutcomeOf.scala:85)[0m
[31m  at org.scalatest.OutcomeOf.outcomeOf$(OutcomeOf.scala:83)[0m
[31m  at org.scalatest.OutcomeOf$.outcomeOf(OutcomeOf.scala:104)[0m
[31m  at org.scalatest.Transformer.apply(Transformer.scala:22)[0m
[31m  at org.scalatest.Transformer.apply(Transformer.scala:20)[0m
[31m  at org.scalatest.flatspec.AnyFlatSpecLike$$anon$5.apply(AnyFlatSpecLike.scala:1832)[0m
[31m  ...[0m
[32msemanticErr - array tests: wrongArrayDimension.wacc[0m
cat: ../test/wacc/invalid/semanticErr/array/wrongArrayDimension.wacc: No such file or directory
[31m- should return exit code 200 *** FAILED ***[0m
[31m  java.lang.RuntimeException: Nonzero exit value: 1[0m
[31m  at scala.sys.process.ProcessBuilderImpl$AbstractBuilder.slurp(ProcessBuilderImpl.scala:164)[0m
[31m  at scala.sys.process.ProcessBuilderImpl$AbstractBuilder.$bang$bang(ProcessBuilderImpl.scala:121)[0m
[31m  at wacc.Main$.compile(Main.scala:36)[0m
[31m  at frontend.integration.semantic.SemanticErrArrayTests.$anonfun$new$10(semanticErrArrayTests.scala:151)[0m
[31m  at org.scalatest.OutcomeOf.outcomeOf(OutcomeOf.scala:85)[0m
[31m  at org.scalatest.OutcomeOf.outcomeOf$(OutcomeOf.scala:83)[0m
[31m  at org.scalatest.OutcomeOf$.outcomeOf(OutcomeOf.scala:104)[0m
[31m  at org.scalatest.Transformer.apply(Transformer.scala:22)[0m
[31m  at org.scalatest.Transformer.apply(Transformer.scala:20)[0m
[31m  at org.scalatest.flatspec.AnyFlatSpecLike$$anon$5.apply(AnyFlatSpecLike.scala:1832)[0m
[31m  ...[0m
[32msemanticErr - array tests: wrongArrayType.wacc[0m
cat: ../test/wacc/invalid/semanticErr/array/wrongArrayType.wacc: No such file or directory
[31m- should return exit code 200 *** FAILED ***[0m
[31m  java.lang.RuntimeException: Nonzero exit value: 1[0m
[31m  at scala.sys.process.ProcessBuilderImpl$AbstractBuilder.slurp(ProcessBuilderImpl.scala:164)[0m
[31m  at scala.sys.process.ProcessBuilderImpl$AbstractBuilder.$bang$bang(ProcessBuilderImpl.scala:121)[0m
[31m  at wacc.Main$.compile(Main.scala:36)[0m
[31m  at frontend.integration.semantic.SemanticErrArrayTests.$anonfun$new$11(semanticErrArrayTests.scala:166)[0m
[31m  at org.scalatest.OutcomeOf.outcomeOf(OutcomeOf.scala:85)[0m
[31m  at org.scalatest.OutcomeOf.outcomeOf$(OutcomeOf.scala:83)[0m
[31m  at org.scalatest.OutcomeOf$.outcomeOf(OutcomeOf.scala:104)[0m
[31m  at org.scalatest.Transformer.apply(Transformer.scala:22)[0m
[31m  at org.scalatest.Transformer.apply(Transformer.scala:20)[0m
[31m  at org.scalatest.flatspec.AnyFlatSpecLike$$anon$5.apply(AnyFlatSpecLike.scala:1832)[0m
[31m  ...[0m
[36mRun completed in 527 milliseconds.[0m
[36mTotal number of tests run: 11[0m
[36mSuites: completed 1, aborted 0[0m
[36mTests: succeeded 0, failed 11, canceled 0, ignored 0, pending 0[0m
[31m*** 11 TESTS FAILED ***[0m
[36mRun completed in 153 milliseconds.[0m
[36mTotal number of tests run: 0[0m
[36mSuites: completed 0, aborted 0[0m
[36mTests: succeeded 0, failed 0, canceled 0, ignored 0, pending 0[0m
[33mNo tests were executed.[0m
[32mSemanticErrArrayTests:[0m
[32msemanticErr - array tests: arrayIndexComplexNotInt.wacc[0m
cat: ../test/wacc/invalid/semanticErr/array/arrayIndexComplexNotInt.wacc: No such file or directory
[31m- should return exit code 200 *** FAILED ***[0m
[31m  java.lang.RuntimeException: Nonzero exit value: 1[0m
[31m  at scala.sys.process.ProcessBuilderImpl$AbstractBuilder.slurp(ProcessBuilderImpl.scala:164)[0m
[31m  at scala.sys.process.ProcessBuilderImpl$AbstractBuilder.$bang$bang(ProcessBuilderImpl.scala:121)[0m
[31m  at wacc.Main$.compile(Main.scala:36)[0m
[31m  at frontend.integration.semantic.SemanticErrArrayTests.$anonfun$new$1(semanticErrArrayTests.scala:16)[0m
[31m  at org.scalatest.OutcomeOf.outcomeOf(OutcomeOf.scala:85)[0m
[31m  at org.scalatest.OutcomeOf.outcomeOf$(OutcomeOf.scala:83)[0m
[31m  at org.scalatest.OutcomeOf$.outcomeOf(OutcomeOf.scala:104)[0m
[31m  at org.scalatest.Transformer.apply(Transformer.scala:22)[0m
[31m  at org.scalatest.Transformer.apply(Transformer.scala:20)[0m
[31m  at org.scalatest.flatspec.AnyFlatSpecLike$$anon$5.apply(AnyFlatSpecLike.scala:1832)[0m
[31m  ...[0m
[32msemanticErr - array tests: arrayIndexNotInt.wacc[0m
cat: ../test/wacc/invalid/semanticErr/array/arrayIndexNotInt.wacc: No such file or directory
[31m- should return exit code 200 *** FAILED ***[0m
[31m  java.lang.RuntimeException: Nonzero exit value: 1[0m
[31m  at scala.sys.process.ProcessBuilderImpl$AbstractBuilder.slurp(ProcessBuilderImpl.scala:164)[0m
[31m  at scala.sys.process.ProcessBuilderImpl$AbstractBuilder.$bang$bang(ProcessBuilderImpl.scala:121)[0m
[31m  at wacc.Main$.compile(Main.scala:36)[0m
[31m  at frontend.integration.semantic.SemanticErrArrayTests.$anonfun$new$2(semanticErrArrayTests.scala:31)[0m
[31m  at org.scalatest.OutcomeOf.outcomeOf(OutcomeOf.scala:85)[0m
[31m  at org.scalatest.OutcomeOf.outcomeOf$(OutcomeOf.scala:83)[0m
[31m  at org.scalatest.OutcomeOf$.outcomeOf(OutcomeOf.scala:104)[0m
[31m  at org.scalatest.Transformer.apply(Transformer.scala:22)[0m
[31m  at org.scalatest.Transformer.apply(Transformer.scala:20)[0m
[31m  at org.scalatest.flatspec.AnyFlatSpecLike$$anon$5.apply(AnyFlatSpecLike.scala:1832)[0m
[31m  ...[0m
[32msemanticErr - array tests: arrayMultipleIndexError.wacc[0m
cat: ../test/wacc/invalid/semanticErr/array/arrayMultipleIndexError.wacc: No such file or directory
[31m- should return exit code 200 *** FAILED ***[0m
[31m  java.lang.RuntimeException: Nonzero exit value: 1[0m
[31m  at scala.sys.process.ProcessBuilderImpl$AbstractBuilder.slurp(ProcessBuilderImpl.scala:164)[0m
[31m  at scala.sys.process.ProcessBuilderImpl$AbstractBuilder.$bang$bang(ProcessBuilderImpl.scala:121)[0m
[31m  at wacc.Main$.compile(Main.scala:36)[0m
[31m  at frontend.integration.semantic.SemanticErrArrayTests.$anonfun$new$3(semanticErrArrayTests.scala:46)[0m
[31m  at org.scalatest.OutcomeOf.outcomeOf(OutcomeOf.scala:85)[0m
[31m  at org.scalatest.OutcomeOf.outcomeOf$(OutcomeOf.scala:83)[0m
[31m  at org.scalatest.OutcomeOf$.outcomeOf(OutcomeOf.scala:104)[0m
[31m  at org.scalatest.Transformer.apply(Transformer.scala:22)[0m
[31m  at org.scalatest.Transformer.apply(Transformer.scala:20)[0m
[31m  at org.scalatest.flatspec.AnyFlatSpecLike$$anon$5.apply(AnyFlatSpecLike.scala:1832)[0m
[31m  ...[0m
[32msemanticErr - array tests: badIndex.wacc[0m
cat: ../test/wacc/invalid/semanticErr/array/badIndex.wacc: No such file or directory
[31m- should return exit code 200 *** FAILED ***[0m
[31m  java.lang.RuntimeException: Nonzero exit value: 1[0m
[31m  at scala.sys.process.ProcessBuilderImpl$AbstractBuilder.slurp(ProcessBuilderImpl.scala:164)[0m
[31m  at scala.sys.process.ProcessBuilderImpl$AbstractBuilder.$bang$bang(ProcessBuilderImpl.scala:121)[0m
[31m  at wacc.Main$.compile(Main.scala:36)[0m
[31m  at frontend.integration.semantic.SemanticErrArrayTests.$anonfun$new$4(semanticErrArrayTests.scala:61)[0m
[31m  at org.scalatest.OutcomeOf.outcomeOf(OutcomeOf.scala:85)[0m
[31m  at org.scalatest.OutcomeOf.outcomeOf$(OutcomeOf.scala:83)[0m
[31m  at org.scalatest.OutcomeOf$.outcomeOf(OutcomeOf.scala:104)[0m
[31m  at org.scalatest.Transformer.apply(Transformer.scala:22)[0m
[31m  at org.scalatest.Transformer.apply(Transformer.scala:20)[0m
[31m  at org.scalatest.flatspec.AnyFlatSpecLike$$anon$5.apply(AnyFlatSpecLike.scala:1832)[0m
[31m  ...[0m
[32msemanticErr - array tests: indexUndefIdent.wacc[0m
cat: ../test/wacc/invalid/semanticErr/array/indexUndefIdent.wacc: No such file or directory
[31m- should return exit code 200 *** FAILED ***[0m
[31m  java.lang.RuntimeException: Nonzero exit value: 1[0m
[31m  at scala.sys.process.ProcessBuilderImpl$AbstractBuilder.slurp(ProcessBuilderImpl.scala:164)[0m
[31m  at scala.sys.process.ProcessBuilderImpl$AbstractBuilder.$bang$bang(ProcessBuilderImpl.scala:121)[0m
[31m  at wacc.Main$.compile(Main.scala:36)[0m
[31m  at frontend.integration.semantic.SemanticErrArrayTests.$anonfun$new$5(semanticErrArrayTests.scala:76)[0m
[31m  at org.scalatest.OutcomeOf.outcomeOf(OutcomeOf.scala:85)[0m
[31m  at org.scalatest.OutcomeOf.outcomeOf$(OutcomeOf.scala:83)[0m
[31m  at org.scalatest.OutcomeOf$.outcomeOf(OutcomeOf.scala:104)[0m
[31m  at org.scalatest.Transformer.apply(Transformer.scala:22)[0m
[31m  at org.scalatest.Transformer.apply(Transformer.scala:20)[0m
[31m  at org.scalatest.flatspec.AnyFlatSpecLike$$anon$5.apply(AnyFlatSpecLike.scala:1832)[0m
[31m  ...[0m
[32msemanticErr - array tests: mixingTypesInArrays.wacc[0m
cat: ../test/wacc/invalid/semanticErr/array/mixingTypesInArrays.wacc: No such file or directory
[31m- should return exit code 200 *** FAILED ***[0m
[31m  java.lang.RuntimeException: Nonzero exit value: 1[0m
[31m  at scala.sys.process.ProcessBuilderImpl$AbstractBuilder.slurp(ProcessBuilderImpl.scala:164)[0m
[31m  at scala.sys.process.ProcessBuilderImpl$AbstractBuilder.$bang$bang(ProcessBuilderImpl.scala:121)[0m
[31m  at wacc.Main$.compile(Main.scala:36)[0m
[31m  at frontend.integration.semantic.SemanticErrArrayTests.$anonfun$new$6(semanticErrArrayTests.scala:91)[0m
[31m  at org.scalatest.OutcomeOf.outcomeOf(OutcomeOf.scala:85)[0m
[31m  at org.scalatest.OutcomeOf.outcomeOf$(OutcomeOf.scala:83)[0m
[31m  at org.scalatest.OutcomeOf$.outcomeOf(OutcomeOf.scala:104)[0m
[31m  at org.scalatest.Transformer.apply(Transformer.scala:22)[0m
[31m  at org.scalatest.Transformer.apply(Transformer.scala:20)[0m
[31m  at org.scalatest.flatspec.AnyFlatSpecLike$$anon$5.apply(AnyFlatSpecLike.scala:1832)[0m
[31m  ...[0m
[32msemanticErr - array tests: noArrayCovariance.wacc[0m
cat: ../test/wacc/invalid/semanticErr/array/noArrayCovariance.wacc: No such file or directory
[31m- should return exit code 200 *** FAILED ***[0m
[31m  java.lang.RuntimeException: Nonzero exit value: 1[0m
[31m  at scala.sys.process.ProcessBuilderImpl$AbstractBuilder.slurp(ProcessBuilderImpl.scala:164)[0m
[31m  at scala.sys.process.ProcessBuilderImpl$AbstractBuilder.$bang$bang(ProcessBuilderImpl.scala:121)[0m
[31m  at wacc.Main$.compile(Main.scala:36)[0m
[31m  at frontend.integration.semantic.SemanticErrArrayTests.$anonfun$new$7(semanticErrArrayTests.scala:106)[0m
[31m  at org.scalatest.OutcomeOf.outcomeOf(OutcomeOf.scala:85)[0m
[31m  at org.scalatest.OutcomeOf.outcomeOf$(OutcomeOf.scala:83)[0m
[31m  at org.scalatest.OutcomeOf$.outcomeOf(OutcomeOf.scala:104)[0m
[31m  at org.scalatest.Transformer.apply(Transformer.scala:22)[0m
[31m  at org.scalatest.Transformer.apply(Transformer.scala:20)[0m
[31m  at org.scalatest.flatspec.AnyFlatSpecLike$$anon$5.apply(AnyFlatSpecLike.scala:1832)[0m
[31m  ...[0m
[32msemanticErr - array tests: noStringIndex.wacc[0m
cat: ../test/wacc/invalid/semanticErr/array/noStringIndex.wacc: No such file or directory
[31m- should return exit code 200 *** FAILED ***[0m
[31m  java.lang.RuntimeException: Nonzero exit value: 1[0m
[31m  at scala.sys.process.ProcessBuilderImpl$AbstractBuilder.slurp(ProcessBuilderImpl.scala:164)[0m
[31m  at scala.sys.process.ProcessBuilderImpl$AbstractBuilder.$bang$bang(ProcessBuilderImpl.scala:121)[0m
[31m  at wacc.Main$.compile(Main.scala:36)[0m
[31m  at frontend.integration.semantic.SemanticErrArrayTests.$anonfun$new$8(semanticErrArrayTests.scala:121)[0m
[31m  at org.scalatest.OutcomeOf.outcomeOf(OutcomeOf.scala:85)[0m
[31m  at org.scalatest.OutcomeOf.outcomeOf$(OutcomeOf.scala:83)[0m
[31m  at org.scalatest.OutcomeOf$.outcomeOf(OutcomeOf.scala:104)[0m
[31m  at org.scalatest.Transformer.apply(Transformer.scala:22)[0m
[31m  at org.scalatest.Transformer.apply(Transformer.scala:20)[0m
[31m  at org.scalatest.flatspec.AnyFlatSpecLike$$anon$5.apply(AnyFlatSpecLike.scala:1832)[0m
[31m  ...[0m
[32msemanticErr - array tests: nonMatchingArrays.wacc[0m
cat: ../test/wacc/invalid/semanticErr/array/nonMatchingArrays.wacc: No such file or directory
[31m- should return exit code 200 *** FAILED ***[0m
[31m  java.lang.RuntimeException: Nonzero exit value: 1[0m
[31m  at scala.sys.process.ProcessBuilderImpl$AbstractBuilder.slurp(ProcessBuilderImpl.scala:164)[0m
[31m  at scala.sys.process.ProcessBuilderImpl$AbstractBuilder.$bang$bang(ProcessBuilderImpl.scala:121)[0m
[31m  at wacc.Main$.compile(Main.scala:36)[0m
[31m  at frontend.integration.semantic.SemanticErrArrayTests.$anonfun$new$9(semanticErrArrayTests.scala:136)[0m
[31m  at org.scalatest.OutcomeOf.outcomeOf(OutcomeOf.scala:85)[0m
[31m  at org.scalatest.OutcomeOf.outcomeOf$(OutcomeOf.scala:83)[0m
[31m  at org.scalatest.OutcomeOf$.outcomeOf(OutcomeOf.scala:104)[0m
[31m  at org.scalatest.Transformer.apply(Transformer.scala:22)[0m
[31m  at org.scalatest.Transformer.apply(Transformer.scala:20)[0m
[31m  at org.scalatest.flatspec.AnyFlatSpecLike$$anon$5.apply(AnyFlatSpecLike.scala:1832)[0m
[31m  ...[0m
[32msemanticErr - array tests: wrongArrayDimension.wacc[0m
cat: ../test/wacc/invalid/semanticErr/array/wrongArrayDimension.wacc: No such file or directory
[31m- should return exit code 200 *** FAILED ***[0m
[31m  java.lang.RuntimeException: Nonzero exit value: 1[0m
[31m  at scala.sys.process.ProcessBuilderImpl$AbstractBuilder.slurp(ProcessBuilderImpl.scala:164)[0m
[31m  at scala.sys.process.ProcessBuilderImpl$AbstractBuilder.$bang$bang(ProcessBuilderImpl.scala:121)[0m
[31m  at wacc.Main$.compile(Main.scala:36)[0m
[31m  at frontend.integration.semantic.SemanticErrArrayTests.$anonfun$new$10(semanticErrArrayTests.scala:151)[0m
[31m  at org.scalatest.OutcomeOf.outcomeOf(OutcomeOf.scala:85)[0m
[31m  at org.scalatest.OutcomeOf.outcomeOf$(OutcomeOf.scala:83)[0m
[31m  at org.scalatest.OutcomeOf$.outcomeOf(OutcomeOf.scala:104)[0m
[31m  at org.scalatest.Transformer.apply(Transformer.scala:22)[0m
[31m  at org.scalatest.Transformer.apply(Transformer.scala:20)[0m
[31m  at org.scalatest.flatspec.AnyFlatSpecLike$$anon$5.apply(AnyFlatSpecLike.scala:1832)[0m
[31m  ...[0m
[32msemanticErr - array tests: wrongArrayType.wacc[0m
cat: ../test/wacc/invalid/semanticErr/array/wrongArrayType.wacc: No such file or directory
[31m- should return exit code 200 *** FAILED ***[0m
[31m  java.lang.RuntimeException: Nonzero exit value: 1[0m
[31m  at scala.sys.process.ProcessBuilderImpl$AbstractBuilder.slurp(ProcessBuilderImpl.scala:164)[0m
[31m  at scala.sys.process.ProcessBuilderImpl$AbstractBuilder.$bang$bang(ProcessBuilderImpl.scala:121)[0m
[31m  at wacc.Main$.compile(Main.scala:36)[0m
[31m  at frontend.integration.semantic.SemanticErrArrayTests.$anonfun$new$11(semanticErrArrayTests.scala:166)[0m
[31m  at org.scalatest.OutcomeOf.outcomeOf(OutcomeOf.scala:85)[0m
[31m  at org.scalatest.OutcomeOf.outcomeOf$(OutcomeOf.scala:83)[0m
[31m  at org.scalatest.OutcomeOf$.outcomeOf(OutcomeOf.scala:104)[0m
[31m  at org.scalatest.Transformer.apply(Transformer.scala:22)[0m
[31m  at org.scalatest.Transformer.apply(Transformer.scala:20)[0m
[31m  at org.scalatest.flatspec.AnyFlatSpecLike$$anon$5.apply(AnyFlatSpecLike.scala:1832)[0m
[31m  ...[0m
[36mRun completed in 517 milliseconds.[0m
[36mTotal number of tests run: 11[0m
[36mSuites: completed 1, aborted 0[0m
[36mTests: succeeded 0, failed 11, canceled 0, ignored 0, pending 0[0m
[31m*** 11 TESTS FAILED ***[0m
[36mRun completed in 181 milliseconds.[0m
[36mTotal number of tests run: 0[0m
[36mSuites: completed 0, aborted 0[0m
[36mTests: succeeded 0, failed 0, canceled 0, ignored 0, pending 0[0m
[33mNo tests were executed.[0m
[32mSemanticErrArrayTests:[0m
[32msemanticErr - array tests: arrayIndexComplexNotInt.wacc[0m
cat: ../test/wacc/invalid/semanticErr/array/arrayIndexComplexNotInt.wacc: No such file or directory
[31m- should return exit code 200 *** FAILED ***[0m
[31m  java.lang.RuntimeException: Nonzero exit value: 1[0m
[31m  at scala.sys.process.ProcessBuilderImpl$AbstractBuilder.slurp(ProcessBuilderImpl.scala:164)[0m
[31m  at scala.sys.process.ProcessBuilderImpl$AbstractBuilder.$bang$bang(ProcessBuilderImpl.scala:121)[0m
[31m  at wacc.Main$.compile(Main.scala:36)[0m
[31m  at frontend.integration.semantic.SemanticErrArrayTests.$anonfun$new$1(semanticErrArrayTests.scala:16)[0m
[31m  at org.scalatest.OutcomeOf.outcomeOf(OutcomeOf.scala:85)[0m
[31m  at org.scalatest.OutcomeOf.outcomeOf$(OutcomeOf.scala:83)[0m
[31m  at org.scalatest.OutcomeOf$.outcomeOf(OutcomeOf.scala:104)[0m
[31m  at org.scalatest.Transformer.apply(Transformer.scala:22)[0m
[31m  at org.scalatest.Transformer.apply(Transformer.scala:20)[0m
[31m  at org.scalatest.flatspec.AnyFlatSpecLike$$anon$5.apply(AnyFlatSpecLike.scala:1832)[0m
[31m  ...[0m
[32msemanticErr - array tests: arrayIndexNotInt.wacc[0m
cat: ../test/wacc/invalid/semanticErr/array/arrayIndexNotInt.wacc: No such file or directory
[31m- should return exit code 200 *** FAILED ***[0m
[31m  java.lang.RuntimeException: Nonzero exit value: 1[0m
[31m  at scala.sys.process.ProcessBuilderImpl$AbstractBuilder.slurp(ProcessBuilderImpl.scala:164)[0m
[31m  at scala.sys.process.ProcessBuilderImpl$AbstractBuilder.$bang$bang(ProcessBuilderImpl.scala:121)[0m
[31m  at wacc.Main$.compile(Main.scala:36)[0m
[31m  at frontend.integration.semantic.SemanticErrArrayTests.$anonfun$new$2(semanticErrArrayTests.scala:31)[0m
[31m  at org.scalatest.OutcomeOf.outcomeOf(OutcomeOf.scala:85)[0m
[31m  at org.scalatest.OutcomeOf.outcomeOf$(OutcomeOf.scala:83)[0m
[31m  at org.scalatest.OutcomeOf$.outcomeOf(OutcomeOf.scala:104)[0m
[31m  at org.scalatest.Transformer.apply(Transformer.scala:22)[0m
[31m  at org.scalatest.Transformer.apply(Transformer.scala:20)[0m
[31m  at org.scalatest.flatspec.AnyFlatSpecLike$$anon$5.apply(AnyFlatSpecLike.scala:1832)[0m
[31m  ...[0m
[32msemanticErr - array tests: arrayMultipleIndexError.wacc[0m
cat: ../test/wacc/invalid/semanticErr/array/arrayMultipleIndexError.wacc: No such file or directory
[31m- should return exit code 200 *** FAILED ***[0m
[31m  java.lang.RuntimeException: Nonzero exit value: 1[0m
[31m  at scala.sys.process.ProcessBuilderImpl$AbstractBuilder.slurp(ProcessBuilderImpl.scala:164)[0m
[31m  at scala.sys.process.ProcessBuilderImpl$AbstractBuilder.$bang$bang(ProcessBuilderImpl.scala:121)[0m
[31m  at wacc.Main$.compile(Main.scala:36)[0m
[31m  at frontend.integration.semantic.SemanticErrArrayTests.$anonfun$new$3(semanticErrArrayTests.scala:46)[0m
[31m  at org.scalatest.OutcomeOf.outcomeOf(OutcomeOf.scala:85)[0m
[31m  at org.scalatest.OutcomeOf.outcomeOf$(OutcomeOf.scala:83)[0m
[31m  at org.scalatest.OutcomeOf$.outcomeOf(OutcomeOf.scala:104)[0m
[31m  at org.scalatest.Transformer.apply(Transformer.scala:22)[0m
[31m  at org.scalatest.Transformer.apply(Transformer.scala:20)[0m
[31m  at org.scalatest.flatspec.AnyFlatSpecLike$$anon$5.apply(AnyFlatSpecLike.scala:1832)[0m
[31m  ...[0m
[32msemanticErr - array tests: badIndex.wacc[0m
cat: ../test/wacc/invalid/semanticErr/array/badIndex.wacc: No such file or directory
[31m- should return exit code 200 *** FAILED ***[0m
[31m  java.lang.RuntimeException: Nonzero exit value: 1[0m
[31m  at scala.sys.process.ProcessBuilderImpl$AbstractBuilder.slurp(ProcessBuilderImpl.scala:164)[0m
[31m  at scala.sys.process.ProcessBuilderImpl$AbstractBuilder.$bang$bang(ProcessBuilderImpl.scala:121)[0m
[31m  at wacc.Main$.compile(Main.scala:36)[0m
[31m  at frontend.integration.semantic.SemanticErrArrayTests.$anonfun$new$4(semanticErrArrayTests.scala:61)[0m
[31m  at org.scalatest.OutcomeOf.outcomeOf(OutcomeOf.scala:85)[0m
[31m  at org.scalatest.OutcomeOf.outcomeOf$(OutcomeOf.scala:83)[0m
[31m  at org.scalatest.OutcomeOf$.outcomeOf(OutcomeOf.scala:104)[0m
[31m  at org.scalatest.Transformer.apply(Transformer.scala:22)[0m
[31m  at org.scalatest.Transformer.apply(Transformer.scala:20)[0m
[31m  at org.scalatest.flatspec.AnyFlatSpecLike$$anon$5.apply(AnyFlatSpecLike.scala:1832)[0m
[31m  ...[0m
[32msemanticErr - array tests: indexUndefIdent.wacc[0m
cat: ../test/wacc/invalid/semanticErr/array/indexUndefIdent.wacc: No such file or directory
[31m- should return exit code 200 *** FAILED ***[0m
[31m  java.lang.RuntimeException: Nonzero exit value: 1[0m
[31m  at scala.sys.process.ProcessBuilderImpl$AbstractBuilder.slurp(ProcessBuilderImpl.scala:164)[0m
[31m  at scala.sys.process.ProcessBuilderImpl$AbstractBuilder.$bang$bang(ProcessBuilderImpl.scala:121)[0m
[31m  at wacc.Main$.compile(Main.scala:36)[0m
[31m  at frontend.integration.semantic.SemanticErrArrayTests.$anonfun$new$5(semanticErrArrayTests.scala:76)[0m
[31m  at org.scalatest.OutcomeOf.outcomeOf(OutcomeOf.scala:85)[0m
[31m  at org.scalatest.OutcomeOf.outcomeOf$(OutcomeOf.scala:83)[0m
[31m  at org.scalatest.OutcomeOf$.outcomeOf(OutcomeOf.scala:104)[0m
[31m  at org.scalatest.Transformer.apply(Transformer.scala:22)[0m
[31m  at org.scalatest.Transformer.apply(Transformer.scala:20)[0m
[31m  at org.scalatest.flatspec.AnyFlatSpecLike$$anon$5.apply(AnyFlatSpecLike.scala:1832)[0m
[31m  ...[0m
[32msemanticErr - array tests: mixingTypesInArrays.wacc[0m
cat: ../test/wacc/invalid/semanticErr/array/mixingTypesInArrays.wacc: No such file or directory
[31m- should return exit code 200 *** FAILED ***[0m
[31m  java.lang.RuntimeException: Nonzero exit value: 1[0m
[31m  at scala.sys.process.ProcessBuilderImpl$AbstractBuilder.slurp(ProcessBuilderImpl.scala:164)[0m
[31m  at scala.sys.process.ProcessBuilderImpl$AbstractBuilder.$bang$bang(ProcessBuilderImpl.scala:121)[0m
[31m  at wacc.Main$.compile(Main.scala:36)[0m
[31m  at frontend.integration.semantic.SemanticErrArrayTests.$anonfun$new$6(semanticErrArrayTests.scala:91)[0m
[31m  at org.scalatest.OutcomeOf.outcomeOf(OutcomeOf.scala:85)[0m
[31m  at org.scalatest.OutcomeOf.outcomeOf$(OutcomeOf.scala:83)[0m
[31m  at org.scalatest.OutcomeOf$.outcomeOf(OutcomeOf.scala:104)[0m
[31m  at org.scalatest.Transformer.apply(Transformer.scala:22)[0m
[31m  at org.scalatest.Transformer.apply(Transformer.scala:20)[0m
[31m  at org.scalatest.flatspec.AnyFlatSpecLike$$anon$5.apply(AnyFlatSpecLike.scala:1832)[0m
[31m  ...[0m
[32msemanticErr - array tests: noArrayCovariance.wacc[0m
cat: ../test/wacc/invalid/semanticErr/array/noArrayCovariance.wacc: No such file or directory
[31m- should return exit code 200 *** FAILED ***[0m
[31m  java.lang.RuntimeException: Nonzero exit value: 1[0m
[31m  at scala.sys.process.ProcessBuilderImpl$AbstractBuilder.slurp(ProcessBuilderImpl.scala:164)[0m
[31m  at scala.sys.process.ProcessBuilderImpl$AbstractBuilder.$bang$bang(ProcessBuilderImpl.scala:121)[0m
[31m  at wacc.Main$.compile(Main.scala:36)[0m
[31m  at frontend.integration.semantic.SemanticErrArrayTests.$anonfun$new$7(semanticErrArrayTests.scala:106)[0m
[31m  at org.scalatest.OutcomeOf.outcomeOf(OutcomeOf.scala:85)[0m
[31m  at org.scalatest.OutcomeOf.outcomeOf$(OutcomeOf.scala:83)[0m
[31m  at org.scalatest.OutcomeOf$.outcomeOf(OutcomeOf.scala:104)[0m
[31m  at org.scalatest.Transformer.apply(Transformer.scala:22)[0m
[31m  at org.scalatest.Transformer.apply(Transformer.scala:20)[0m
[31m  at org.scalatest.flatspec.AnyFlatSpecLike$$anon$5.apply(AnyFlatSpecLike.scala:1832)[0m
[31m  ...[0m
[32msemanticErr - array tests: noStringIndex.wacc[0m
cat: ../test/wacc/invalid/semanticErr/array/noStringIndex.wacc: No such file or directory
[31m- should return exit code 200 *** FAILED ***[0m
[31m  java.lang.RuntimeException: Nonzero exit value: 1[0m
[31m  at scala.sys.process.ProcessBuilderImpl$AbstractBuilder.slurp(ProcessBuilderImpl.scala:164)[0m
[31m  at scala.sys.process.ProcessBuilderImpl$AbstractBuilder.$bang$bang(ProcessBuilderImpl.scala:121)[0m
[31m  at wacc.Main$.compile(Main.scala:36)[0m
[31m  at frontend.integration.semantic.SemanticErrArrayTests.$anonfun$new$8(semanticErrArrayTests.scala:121)[0m
[31m  at org.scalatest.OutcomeOf.outcomeOf(OutcomeOf.scala:85)[0m
[31m  at org.scalatest.OutcomeOf.outcomeOf$(OutcomeOf.scala:83)[0m
[31m  at org.scalatest.OutcomeOf$.outcomeOf(OutcomeOf.scala:104)[0m
[31m  at org.scalatest.Transformer.apply(Transformer.scala:22)[0m
[31m  at org.scalatest.Transformer.apply(Transformer.scala:20)[0m
[31m  at org.scalatest.flatspec.AnyFlatSpecLike$$anon$5.apply(AnyFlatSpecLike.scala:1832)[0m
[31m  ...[0m
[32msemanticErr - array tests: nonMatchingArrays.wacc[0m
cat: ../test/wacc/invalid/semanticErr/array/nonMatchingArrays.wacc: No such file or directory
[31m- should return exit code 200 *** FAILED ***[0m
[31m  java.lang.RuntimeException: Nonzero exit value: 1[0m
[31m  at scala.sys.process.ProcessBuilderImpl$AbstractBuilder.slurp(ProcessBuilderImpl.scala:164)[0m
[31m  at scala.sys.process.ProcessBuilderImpl$AbstractBuilder.$bang$bang(ProcessBuilderImpl.scala:121)[0m
[31m  at wacc.Main$.compile(Main.scala:36)[0m
[31m  at frontend.integration.semantic.SemanticErrArrayTests.$anonfun$new$9(semanticErrArrayTests.scala:136)[0m
[31m  at org.scalatest.OutcomeOf.outcomeOf(OutcomeOf.scala:85)[0m
[31m  at org.scalatest.OutcomeOf.outcomeOf$(OutcomeOf.scala:83)[0m
[31m  at org.scalatest.OutcomeOf$.outcomeOf(OutcomeOf.scala:104)[0m
[31m  at org.scalatest.Transformer.apply(Transformer.scala:22)[0m
[31m  at org.scalatest.Transformer.apply(Transformer.scala:20)[0m
[31m  at org.scalatest.flatspec.AnyFlatSpecLike$$anon$5.apply(AnyFlatSpecLike.scala:1832)[0m
[31m  ...[0m
[32msemanticErr - array tests: wrongArrayDimension.wacc[0m
cat: ../test/wacc/invalid/semanticErr/array/wrongArrayDimension.wacc: No such file or directory
[31m- should return exit code 200 *** FAILED ***[0m
[31m  java.lang.RuntimeException: Nonzero exit value: 1[0m
[31m  at scala.sys.process.ProcessBuilderImpl$AbstractBuilder.slurp(ProcessBuilderImpl.scala:164)[0m
[31m  at scala.sys.process.ProcessBuilderImpl$AbstractBuilder.$bang$bang(ProcessBuilderImpl.scala:121)[0m
[31m  at wacc.Main$.compile(Main.scala:36)[0m
[31m  at frontend.integration.semantic.SemanticErrArrayTests.$anonfun$new$10(semanticErrArrayTests.scala:151)[0m
[31m  at org.scalatest.OutcomeOf.outcomeOf(OutcomeOf.scala:85)[0m
[31m  at org.scalatest.OutcomeOf.outcomeOf$(OutcomeOf.scala:83)[0m
[31m  at org.scalatest.OutcomeOf$.outcomeOf(OutcomeOf.scala:104)[0m
[31m  at org.scalatest.Transformer.apply(Transformer.scala:22)[0m
[31m  at org.scalatest.Transformer.apply(Transformer.scala:20)[0m
[31m  at org.scalatest.flatspec.AnyFlatSpecLike$$anon$5.apply(AnyFlatSpecLike.scala:1832)[0m
[31m  ...[0m
[32msemanticErr - array tests: wrongArrayType.wacc[0m
cat: ../test/wacc/invalid/semanticErr/array/wrongArrayType.wacc: No such file or directory
[31m- should return exit code 200 *** FAILED ***[0m
[31m  java.lang.RuntimeException: Nonzero exit value: 1[0m
[31m  at scala.sys.process.ProcessBuilderImpl$AbstractBuilder.slurp(ProcessBuilderImpl.scala:164)[0m
[31m  at scala.sys.process.ProcessBuilderImpl$AbstractBuilder.$bang$bang(ProcessBuilderImpl.scala:121)[0m
[31m  at wacc.Main$.compile(Main.scala:36)[0m
[31m  at frontend.integration.semantic.SemanticErrArrayTests.$anonfun$new$11(semanticErrArrayTests.scala:166)[0m
[31m  at org.scalatest.OutcomeOf.outcomeOf(OutcomeOf.scala:85)[0m
[31m  at org.scalatest.OutcomeOf.outcomeOf$(OutcomeOf.scala:83)[0m
[31m  at org.scalatest.OutcomeOf$.outcomeOf(OutcomeOf.scala:104)[0m
[31m  at org.scalatest.Transformer.apply(Transformer.scala:22)[0m
[31m  at org.scalatest.Transformer.apply(Transformer.scala:20)[0m
[31m  at org.scalatest.flatspec.AnyFlatSpecLike$$anon$5.apply(AnyFlatSpecLike.scala:1832)[0m
[31m  ...[0m
[36mRun completed in 598 milliseconds.[0m
[36mTotal number of tests run: 11[0m
[36mSuites: completed 1, aborted 0[0m
[36mTests: succeeded 0, failed 11, canceled 0, ignored 0, pending 0[0m
[31m*** 11 TESTS FAILED ***[0m
Your Scala CLI 1.1.1 is outdated, please update Scala CLI to 1.1.2
Run 'curl -sSLf https://scala-cli.virtuslab.org/get | sh' to update Scala CLI.
[36mRun completed in 152 milliseconds.[0m
[36mTotal number of tests run: 0[0m
[36mSuites: completed 0, aborted 0[0m
[36mTests: succeeded 0, failed 0, canceled 0, ignored 0, pending 0[0m
[33mNo tests were executed.[0m
[32mSemanticErrArrayTests:[0m
[32msemanticErr - array tests: arrayIndexComplexNotInt.wacc[0m
cat: ../test/wacc/invalid/semanticErr/array/arrayIndexComplexNotInt.wacc: No such file or directory
[31m- should return exit code 200 *** FAILED ***[0m
[31m  java.lang.RuntimeException: Nonzero exit value: 1[0m
[31m  at scala.sys.process.ProcessBuilderImpl$AbstractBuilder.slurp(ProcessBuilderImpl.scala:164)[0m
[31m  at scala.sys.process.ProcessBuilderImpl$AbstractBuilder.$bang$bang(ProcessBuilderImpl.scala:121)[0m
[31m  at wacc.Main$.compile(Main.scala:36)[0m
[31m  at frontend.integration.semantic.SemanticErrArrayTests.$anonfun$new$1(semanticErrArrayTests.scala:16)[0m
[31m  at org.scalatest.OutcomeOf.outcomeOf(OutcomeOf.scala:85)[0m
[31m  at org.scalatest.OutcomeOf.outcomeOf$(OutcomeOf.scala:83)[0m
[31m  at org.scalatest.OutcomeOf$.outcomeOf(OutcomeOf.scala:104)[0m
[31m  at org.scalatest.Transformer.apply(Transformer.scala:22)[0m
[31m  at org.scalatest.Transformer.apply(Transformer.scala:20)[0m
[31m  at org.scalatest.flatspec.AnyFlatSpecLike$$anon$5.apply(AnyFlatSpecLike.scala:1832)[0m
[31m  ...[0m
[32msemanticErr - array tests: arrayIndexNotInt.wacc[0m
cat: ../test/wacc/invalid/semanticErr/array/arrayIndexNotInt.wacc: No such file or directory
[31m- should return exit code 200 *** FAILED ***[0m
[31m  java.lang.RuntimeException: Nonzero exit value: 1[0m
[31m  at scala.sys.process.ProcessBuilderImpl$AbstractBuilder.slurp(ProcessBuilderImpl.scala:164)[0m
[31m  at scala.sys.process.ProcessBuilderImpl$AbstractBuilder.$bang$bang(ProcessBuilderImpl.scala:121)[0m
[31m  at wacc.Main$.compile(Main.scala:36)[0m
[31m  at frontend.integration.semantic.SemanticErrArrayTests.$anonfun$new$2(semanticErrArrayTests.scala:31)[0m
[31m  at org.scalatest.OutcomeOf.outcomeOf(OutcomeOf.scala:85)[0m
[31m  at org.scalatest.OutcomeOf.outcomeOf$(OutcomeOf.scala:83)[0m
[31m  at org.scalatest.OutcomeOf$.outcomeOf(OutcomeOf.scala:104)[0m
[31m  at org.scalatest.Transformer.apply(Transformer.scala:22)[0m
[31m  at org.scalatest.Transformer.apply(Transformer.scala:20)[0m
[31m  at org.scalatest.flatspec.AnyFlatSpecLike$$anon$5.apply(AnyFlatSpecLike.scala:1832)[0m
[31m  ...[0m
[32msemanticErr - array tests: arrayMultipleIndexError.wacc[0m
cat: ../test/wacc/invalid/semanticErr/array/arrayMultipleIndexError.wacc: No such file or directory
[31m- should return exit code 200 *** FAILED ***[0m
[31m  java.lang.RuntimeException: Nonzero exit value: 1[0m
[31m  at scala.sys.process.ProcessBuilderImpl$AbstractBuilder.slurp(ProcessBuilderImpl.scala:164)[0m
[31m  at scala.sys.process.ProcessBuilderImpl$AbstractBuilder.$bang$bang(ProcessBuilderImpl.scala:121)[0m
[31m  at wacc.Main$.compile(Main.scala:36)[0m
[31m  at frontend.integration.semantic.SemanticErrArrayTests.$anonfun$new$3(semanticErrArrayTests.scala:46)[0m
[31m  at org.scalatest.OutcomeOf.outcomeOf(OutcomeOf.scala:85)[0m
[31m  at org.scalatest.OutcomeOf.outcomeOf$(OutcomeOf.scala:83)[0m
[31m  at org.scalatest.OutcomeOf$.outcomeOf(OutcomeOf.scala:104)[0m
[31m  at org.scalatest.Transformer.apply(Transformer.scala:22)[0m
[31m  at org.scalatest.Transformer.apply(Transformer.scala:20)[0m
[31m  at org.scalatest.flatspec.AnyFlatSpecLike$$anon$5.apply(AnyFlatSpecLike.scala:1832)[0m
[31m  ...[0m
[32msemanticErr - array tests: badIndex.wacc[0m
cat: ../test/wacc/invalid/semanticErr/array/badIndex.wacc: No such file or directory
[31m- should return exit code 200 *** FAILED ***[0m
[31m  java.lang.RuntimeException: Nonzero exit value: 1[0m
[31m  at scala.sys.process.ProcessBuilderImpl$AbstractBuilder.slurp(ProcessBuilderImpl.scala:164)[0m
[31m  at scala.sys.process.ProcessBuilderImpl$AbstractBuilder.$bang$bang(ProcessBuilderImpl.scala:121)[0m
[31m  at wacc.Main$.compile(Main.scala:36)[0m
[31m  at frontend.integration.semantic.SemanticErrArrayTests.$anonfun$new$4(semanticErrArrayTests.scala:61)[0m
[31m  at org.scalatest.OutcomeOf.outcomeOf(OutcomeOf.scala:85)[0m
[31m  at org.scalatest.OutcomeOf.outcomeOf$(OutcomeOf.scala:83)[0m
[31m  at org.scalatest.OutcomeOf$.outcomeOf(OutcomeOf.scala:104)[0m
[31m  at org.scalatest.Transformer.apply(Transformer.scala:22)[0m
[31m  at org.scalatest.Transformer.apply(Transformer.scala:20)[0m
[31m  at org.scalatest.flatspec.AnyFlatSpecLike$$anon$5.apply(AnyFlatSpecLike.scala:1832)[0m
[31m  ...[0m
[32msemanticErr - array tests: indexUndefIdent.wacc[0m
cat: ../test/wacc/invalid/semanticErr/array/indexUndefIdent.wacc: No such file or directory
[31m- should return exit code 200 *** FAILED ***[0m
[31m  java.lang.RuntimeException: Nonzero exit value: 1[0m
[31m  at scala.sys.process.ProcessBuilderImpl$AbstractBuilder.slurp(ProcessBuilderImpl.scala:164)[0m
[31m  at scala.sys.process.ProcessBuilderImpl$AbstractBuilder.$bang$bang(ProcessBuilderImpl.scala:121)[0m
[31m  at wacc.Main$.compile(Main.scala:36)[0m
[31m  at frontend.integration.semantic.SemanticErrArrayTests.$anonfun$new$5(semanticErrArrayTests.scala:76)[0m
[31m  at org.scalatest.OutcomeOf.outcomeOf(OutcomeOf.scala:85)[0m
[31m  at org.scalatest.OutcomeOf.outcomeOf$(OutcomeOf.scala:83)[0m
[31m  at org.scalatest.OutcomeOf$.outcomeOf(OutcomeOf.scala:104)[0m
[31m  at org.scalatest.Transformer.apply(Transformer.scala:22)[0m
[31m  at org.scalatest.Transformer.apply(Transformer.scala:20)[0m
[31m  at org.scalatest.flatspec.AnyFlatSpecLike$$anon$5.apply(AnyFlatSpecLike.scala:1832)[0m
[31m  ...[0m
[32msemanticErr - array tests: mixingTypesInArrays.wacc[0m
cat: ../test/wacc/invalid/semanticErr/array/mixingTypesInArrays.wacc: No such file or directory
[31m- should return exit code 200 *** FAILED ***[0m
[31m  java.lang.RuntimeException: Nonzero exit value: 1[0m
[31m  at scala.sys.process.ProcessBuilderImpl$AbstractBuilder.slurp(ProcessBuilderImpl.scala:164)[0m
[31m  at scala.sys.process.ProcessBuilderImpl$AbstractBuilder.$bang$bang(ProcessBuilderImpl.scala:121)[0m
[31m  at wacc.Main$.compile(Main.scala:36)[0m
[31m  at frontend.integration.semantic.SemanticErrArrayTests.$anonfun$new$6(semanticErrArrayTests.scala:91)[0m
[31m  at org.scalatest.OutcomeOf.outcomeOf(OutcomeOf.scala:85)[0m
[31m  at org.scalatest.OutcomeOf.outcomeOf$(OutcomeOf.scala:83)[0m
[31m  at org.scalatest.OutcomeOf$.outcomeOf(OutcomeOf.scala:104)[0m
[31m  at org.scalatest.Transformer.apply(Transformer.scala:22)[0m
[31m  at org.scalatest.Transformer.apply(Transformer.scala:20)[0m
[31m  at org.scalatest.flatspec.AnyFlatSpecLike$$anon$5.apply(AnyFlatSpecLike.scala:1832)[0m
[31m  ...[0m
[32msemanticErr - array tests: noArrayCovariance.wacc[0m
cat: ../test/wacc/invalid/semanticErr/array/noArrayCovariance.wacc: No such file or directory
[31m- should return exit code 200 *** FAILED ***[0m
[31m  java.lang.RuntimeException: Nonzero exit value: 1[0m
[31m  at scala.sys.process.ProcessBuilderImpl$AbstractBuilder.slurp(ProcessBuilderImpl.scala:164)[0m
[31m  at scala.sys.process.ProcessBuilderImpl$AbstractBuilder.$bang$bang(ProcessBuilderImpl.scala:121)[0m
[31m  at wacc.Main$.compile(Main.scala:36)[0m
[31m  at frontend.integration.semantic.SemanticErrArrayTests.$anonfun$new$7(semanticErrArrayTests.scala:106)[0m
[31m  at org.scalatest.OutcomeOf.outcomeOf(OutcomeOf.scala:85)[0m
[31m  at org.scalatest.OutcomeOf.outcomeOf$(OutcomeOf.scala:83)[0m
[31m  at org.scalatest.OutcomeOf$.outcomeOf(OutcomeOf.scala:104)[0m
[31m  at org.scalatest.Transformer.apply(Transformer.scala:22)[0m
[31m  at org.scalatest.Transformer.apply(Transformer.scala:20)[0m
[31m  at org.scalatest.flatspec.AnyFlatSpecLike$$anon$5.apply(AnyFlatSpecLike.scala:1832)[0m
[31m  ...[0m
[32msemanticErr - array tests: noStringIndex.wacc[0m
cat: ../test/wacc/invalid/semanticErr/array/noStringIndex.wacc: No such file or directory
[31m- should return exit code 200 *** FAILED ***[0m
[31m  java.lang.RuntimeException: Nonzero exit value: 1[0m
[31m  at scala.sys.process.ProcessBuilderImpl$AbstractBuilder.slurp(ProcessBuilderImpl.scala:164)[0m
[31m  at scala.sys.process.ProcessBuilderImpl$AbstractBuilder.$bang$bang(ProcessBuilderImpl.scala:121)[0m
[31m  at wacc.Main$.compile(Main.scala:36)[0m
[31m  at frontend.integration.semantic.SemanticErrArrayTests.$anonfun$new$8(semanticErrArrayTests.scala:121)[0m
[31m  at org.scalatest.OutcomeOf.outcomeOf(OutcomeOf.scala:85)[0m
[31m  at org.scalatest.OutcomeOf.outcomeOf$(OutcomeOf.scala:83)[0m
[31m  at org.scalatest.OutcomeOf$.outcomeOf(OutcomeOf.scala:104)[0m
[31m  at org.scalatest.Transformer.apply(Transformer.scala:22)[0m
[31m  at org.scalatest.Transformer.apply(Transformer.scala:20)[0m
[31m  at org.scalatest.flatspec.AnyFlatSpecLike$$anon$5.apply(AnyFlatSpecLike.scala:1832)[0m
[31m  ...[0m
[32msemanticErr - array tests: nonMatchingArrays.wacc[0m
cat: ../test/wacc/invalid/semanticErr/array/nonMatchingArrays.wacc: No such file or directory
[31m- should return exit code 200 *** FAILED ***[0m
[31m  java.lang.RuntimeException: Nonzero exit value: 1[0m
[31m  at scala.sys.process.ProcessBuilderImpl$AbstractBuilder.slurp(ProcessBuilderImpl.scala:164)[0m
[31m  at scala.sys.process.ProcessBuilderImpl$AbstractBuilder.$bang$bang(ProcessBuilderImpl.scala:121)[0m
[31m  at wacc.Main$.compile(Main.scala:36)[0m
[31m  at frontend.integration.semantic.SemanticErrArrayTests.$anonfun$new$9(semanticErrArrayTests.scala:136)[0m
[31m  at org.scalatest.OutcomeOf.outcomeOf(OutcomeOf.scala:85)[0m
[31m  at org.scalatest.OutcomeOf.outcomeOf$(OutcomeOf.scala:83)[0m
[31m  at org.scalatest.OutcomeOf$.outcomeOf(OutcomeOf.scala:104)[0m
[31m  at org.scalatest.Transformer.apply(Transformer.scala:22)[0m
[31m  at org.scalatest.Transformer.apply(Transformer.scala:20)[0m
[31m  at org.scalatest.flatspec.AnyFlatSpecLike$$anon$5.apply(AnyFlatSpecLike.scala:1832)[0m
[31m  ...[0m
[32msemanticErr - array tests: wrongArrayDimension.wacc[0m
cat: ../test/wacc/invalid/semanticErr/array/wrongArrayDimension.wacc: No such file or directory
[31m- should return exit code 200 *** FAILED ***[0m
[31m  java.lang.RuntimeException: Nonzero exit value: 1[0m
[31m  at scala.sys.process.ProcessBuilderImpl$AbstractBuilder.slurp(ProcessBuilderImpl.scala:164)[0m
[31m  at scala.sys.process.ProcessBuilderImpl$AbstractBuilder.$bang$bang(ProcessBuilderImpl.scala:121)[0m
[31m  at wacc.Main$.compile(Main.scala:36)[0m
[31m  at frontend.integration.semantic.SemanticErrArrayTests.$anonfun$new$10(semanticErrArrayTests.scala:151)[0m
[31m  at org.scalatest.OutcomeOf.outcomeOf(OutcomeOf.scala:85)[0m
[31m  at org.scalatest.OutcomeOf.outcomeOf$(OutcomeOf.scala:83)[0m
[31m  at org.scalatest.OutcomeOf$.outcomeOf(OutcomeOf.scala:104)[0m
[31m  at org.scalatest.Transformer.apply(Transformer.scala:22)[0m
[31m  at org.scalatest.Transformer.apply(Transformer.scala:20)[0m
[31m  at org.scalatest.flatspec.AnyFlatSpecLike$$anon$5.apply(AnyFlatSpecLike.scala:1832)[0m
[31m  ...[0m
[32msemanticErr - array tests: wrongArrayType.wacc[0m
cat: ../test/wacc/invalid/semanticErr/array/wrongArrayType.wacc: No such file or directory
[31m- should return exit code 200 *** FAILED ***[0m
[31m  java.lang.RuntimeException: Nonzero exit value: 1[0m
[31m  at scala.sys.process.ProcessBuilderImpl$AbstractBuilder.slurp(ProcessBuilderImpl.scala:164)[0m
[31m  at scala.sys.process.ProcessBuilderImpl$AbstractBuilder.$bang$bang(ProcessBuilderImpl.scala:121)[0m
[31m  at wacc.Main$.compile(Main.scala:36)[0m
[31m  at frontend.integration.semantic.SemanticErrArrayTests.$anonfun$new$11(semanticErrArrayTests.scala:166)[0m
[31m  at org.scalatest.OutcomeOf.outcomeOf(OutcomeOf.scala:85)[0m
[31m  at org.scalatest.OutcomeOf.outcomeOf$(OutcomeOf.scala:83)[0m
[31m  at org.scalatest.OutcomeOf$.outcomeOf(OutcomeOf.scala:104)[0m
[31m  at org.scalatest.Transformer.apply(Transformer.scala:22)[0m
[31m  at org.scalatest.Transformer.apply(Transformer.scala:20)[0m
[31m  at org.scalatest.flatspec.AnyFlatSpecLike$$anon$5.apply(AnyFlatSpecLike.scala:1832)[0m
[31m  ...[0m
[36mRun completed in 544 milliseconds.[0m
[36mTotal number of tests run: 11[0m
[36mSuites: completed 1, aborted 0[0m
[36mTests: succeeded 0, failed 11, canceled 0, ignored 0, pending 0[0m
[31m*** 11 TESTS FAILED ***[0m
